<?xml version="1.0" encoding="UTF-8"?>
<!-- Generated by org.testng.reporters.JUnitReportReporter -->
<testsuite hostname="MYPC" failures="0" tests="1" name="Data_driven_testing.Adidas" time="10.479" errors="0" timestamp="2024-12-28T00:26:12 IST" skipped="0">
  <testcase classname="Data_driven_testing.Adidas" name="adidas" time="10.479"/>
</testsuite> <!-- Data_driven_testing.Adidas -->
