<?xml version="1.0" encoding="UTF-8"?>
<!-- Generated by org.testng.reporters.JUnitReportReporter -->
<testsuite hostname="MYPC" failures="0" tests="3" name="Basic.Priority" time="93.381" errors="0" timestamp="2024-12-24T11:25:32 IST" skipped="0">
  <testcase classname="Basic.Priority" name="Rcb" time="31.551"/>
  <testcase classname="Basic.Priority" name="csk" time="58.236"/>
  <testcase classname="Basic.Priority" name="dws" time="3.594"/>
</testsuite> <!-- Basic.Priority -->
