<?xml version="1.0" encoding="UTF-8"?>
<!-- Generated by org.testng.reporters.JUnitReportReporter -->
<testsuite hostname="MYPC" failures="0" tests="1" name="Configuration_Annotation.ConfigurationAnnotation" time="0.009" errors="0" timestamp="2024-12-28T11:24:29 IST" skipped="0">
  <testcase classname="Configuration_Annotation.ConfigurationAnnotation" name="Test" time="0.009"/>
</testsuite> <!-- Configuration_Annotation.ConfigurationAnnotation -->
