<?xml version="1.0" encoding="UTF-8"?>
<!-- Generated by org.testng.reporters.JUnitReportReporter -->
<testsuite hostname="MYPC" failures="0" tests="1" name="Data_driven_testing.Honda" time="38.245" errors="0" timestamp="2024-12-28T10:58:24 IST" skipped="0">
  <testcase classname="Data_driven_testing.Honda" name="honda" time="38.245"/>
</testsuite> <!-- Data_driven_testing.Honda -->
