<?xml version="1.0" encoding="UTF-8"?>
<!-- Generated by org.testng.reporters.JUnitReportReporter -->
<testsuite hostname="MYPC" failures="0" tests="1" name="pom.BasicExcecution" time="54.955" errors="0" timestamp="2025-01-07T17:31:45 IST" skipped="0">
  <testcase classname="pom.BasicExcecution" name="main" time="54.955"/>
</testsuite> <!-- pom.BasicExcecution -->
