<?xml version="1.0" encoding="UTF-8"?>
<!-- Generated by org.testng.reporters.JUnitReportReporter -->
<testsuite hostname="MYPC" failures="0" tests="5" name="Basic.Launchbrowser5$Invocationcount" time="297.857" errors="0" timestamp="2024-12-26T18:12:20 IST" skipped="0">
  <testcase classname="Basic.Launchbrowser5$Invocationcount" name="Rcb" time="45.102"/>
  <testcase classname="Basic.Launchbrowser5$Invocationcount" name="Rcb" time="103.695"/>
  <testcase classname="Basic.Launchbrowser5$Invocationcount" name="Rcb" time="116.934"/>
  <testcase classname="Basic.Launchbrowser5$Invocationcount" name="csk" time="23.786"/>
  <testcase classname="Basic.Launchbrowser5$Invocationcount" name="dws" time="8.340"/>
</testsuite> <!-- Basic.Launchbrowser5$Invocationcount -->
