<?xml version="1.0" encoding="UTF-8"?>
<!-- Generated by org.testng.reporters.JUnitReportReporter -->
<testsuite hostname="MYPC" failures="0" tests="1" name="Basic.LaunchBrowser" time="0.046" errors="0" timestamp="2024-12-23T13:35:24 IST" skipped="0">
  <testcase classname="Basic.LaunchBrowser" name="mani" time="0.046"/>
</testsuite> <!-- Basic.LaunchBrowser -->
