<?xml version="1.0" encoding="UTF-8"?>
<!-- Generated by org.testng.reporters.JUnitReportReporter -->
<testsuite hostname="MYPC" failures="0" tests="1" name="Data_driven_testing.Puma" time="8.091" errors="0" timestamp="2024-12-28T10:58:24 IST" skipped="0">
  <testcase classname="Data_driven_testing.Puma" name="puma" time="8.091"/>
</testsuite> <!-- Data_driven_testing.Puma -->
